<?xml version="1.0" encoding="UTF-8"?>
<testsuite xmlns:xsi="http://www.w3.org/2001/XMLSchema-instance" xsi:noNamespaceSchemaLocation="https://maven.apache.org/surefire/maven-surefire-plugin/xsd/surefire-test-report.xsd" name="TestSuite" time="1.252" tests="2" errors="0" skipped="0" failures="2">
  <properties>
[...]
</properties>
  <testcase name="titleTest" classname="basicTests.First" time="0.796">
    <failure message="Could not start a new session. Possible causes are invalid address of the remote server or browser start-up failure. &#10;Host info: host: &apos;Mac.local&apos;, ip: &apos;fe80:0:0:0:ce9:2dab:642b:93ca%en0&apos;&#10;Build info: version: &apos;4.22.0&apos;, revision: &apos;c5f3146703*&apos;&#10;System info: os.name: &apos;Mac OS X&apos;, os.arch: &apos;x86_64&apos;, os.version: &apos;12.7.3&apos;, java.version: &apos;19.0.1&apos;&#10;Driver info: org.openqa.selenium.remote.RemoteWebDriver&#10;Command: [null, newSession {capabilities=[Capabilities {browserName: chrome, browserVersion: 124, goog:chromeOptions: {args: [], extensions: []}, pageLoadStrategy: normal}]}]&#10;Capabilities {browserName: chrome, browserVersion: 124, goog:chromeOptions: {args: [], extensions: []}, pageLoadStrategy: normal}" type="org.openqa.selenium.SessionNotCreatedException">org.openqa.selenium.SessionNotCreatedException: 
Could not start a new session. Possible causes are invalid address of the remote server or browser start-up failure. 
Host info: host: 'Mac.local', ip: 'fe80:0:0:0:ce9:2dab:642b:93ca%en0'
Build info: version: '4.22.0', revision: 'c5f3146703*'
System info: os.name: 'Mac OS X', os.arch: 'x86_64', os.version: '12.7.3', java.version: '19.0.1'
Driver info: org.openqa.selenium.remote.RemoteWebDriver
Command: [null, newSession {capabilities=[Capabilities {browserName: chrome, browserVersion: 124, goog:chromeOptions: {args: [], extensions: []}, pageLoadStrategy: normal}]}]
Capabilities {browserName: chrome, browserVersion: 124, goog:chromeOptions: {args: [], extensions: []}, pageLoadStrategy: normal}
	at basicTests.First.titleTest(First.java:15)
Caused by: java.io.UncheckedIOException: java.net.ConnectException
	at basicTests.First.titleTest(First.java:15)
Caused by: java.net.ConnectException
Caused by: java.nio.channels.ClosedChannelException
</failure>
    <system-err><![CDATA[Jul 15, 2024 7:02:43 PM org.openqa.selenium.remote.tracing.opentelemetry.OpenTelemetryTracer createTracer
INFO: Using OpenTelemetry for tracing
]]></system-err>
  </testcase>
  <testcase name="titleTest" classname="basicTests.EdgeTest" time="0.797">
    <failure message="Could not start a new session. Possible causes are invalid address of the remote server or browser start-up failure. &#10;Host info: host: &apos;Mac.local&apos;, ip: &apos;fe80:0:0:0:ce9:2dab:642b:93ca%en0&apos;&#10;Build info: version: &apos;4.22.0&apos;, revision: &apos;c5f3146703*&apos;&#10;System info: os.name: &apos;Mac OS X&apos;, os.arch: &apos;x86_64&apos;, os.version: &apos;12.7.3&apos;, java.version: &apos;19.0.1&apos;&#10;Driver info: org.openqa.selenium.remote.RemoteWebDriver&#10;Command: [null, newSession {capabilities=[Capabilities {browserName: MicrosoftEdge, ms:edgeOptions: {args: [], extensions: []}, pageLoadStrategy: normal}]}]&#10;Capabilities {browserName: MicrosoftEdge, ms:edgeOptions: {args: [], extensions: []}, pageLoadStrategy: normal}" type="org.openqa.selenium.SessionNotCreatedException">org.openqa.selenium.SessionNotCreatedException: 
Could not start a new session. Possible causes are invalid address of the remote server or browser start-up failure. 
Host info: host: 'Mac.local', ip: 'fe80:0:0:0:ce9:2dab:642b:93ca%en0'
Build info: version: '4.22.0', revision: 'c5f3146703*'
System info: os.name: 'Mac OS X', os.arch: 'x86_64', os.version: '12.7.3', java.version: '19.0.1'
Driver info: org.openqa.selenium.remote.RemoteWebDriver
Command: [null, newSession {capabilities=[Capabilities {browserName: MicrosoftEdge, ms:edgeOptions: {args: [], extensions: []}, pageLoadStrategy: normal}]}]
Capabilities {browserName: MicrosoftEdge, ms:edgeOptions: {args: [], extensions: []}, pageLoadStrategy: normal}
	at basicTests.EdgeTest.titleTest(EdgeTest.java:16)
Caused by: java.io.UncheckedIOException: java.net.ConnectException
	at basicTests.EdgeTest.titleTest(EdgeTest.java:16)
Caused by: java.net.ConnectException
Caused by: java.nio.channels.ClosedChannelException
</failure>
  </testcase>
</testsuite>