<?xml version="1.0" encoding="UTF-8"?>
<testng-results ignored="0" total="2" passed="2" failed="0" skipped="0">
  <reporter-output>
  </reporter-output>
  <suite started-at="2024-07-14T23:28:56 IST" name="DifferentBrowsers" finished-at="2024-07-14T23:29:15 IST" duration-ms="18390">
    <groups>
    </groups>
    <test started-at="2024-07-14T23:28:56 IST" name="Test" finished-at="2024-07-14T23:29:15 IST" duration-ms="18390">
      <class name="basicTests.First">
        <test-method signature="titleTest(java.lang.String)[pri:0, instance:basicTests.First@2aa5fe93]" started-at="2024-07-14T23:28:56 IST" name="titleTest" finished-at="2024-07-14T23:29:12 IST" duration-ms="15830" status="PASS">
          <params>
            <param index="0">
              <value>
                <![CDATA[chrome]]>
              </value>
            </param>
          </params>
          <reporter-output>
          </reporter-output>
        </test-method> <!-- titleTest -->
      </class> <!-- basicTests.First -->
      <class name="basicTests.EdgeTest">
        <test-method signature="titleTest(java.lang.String)[pri:0, instance:basicTests.EdgeTest@5c1a8622]" started-at="2024-07-14T23:28:56 IST" name="titleTest" finished-at="2024-07-14T23:29:15 IST" duration-ms="18292" status="PASS">
          <params>
            <param index="0">
              <value>
                <![CDATA[edge]]>
              </value>
            </param>
          </params>
          <reporter-output>
          </reporter-output>
        </test-method> <!-- titleTest -->
      </class> <!-- basicTests.EdgeTest -->
    </test> <!-- Test -->
  </suite> <!-- DifferentBrowsers -->
</testng-results>
